<?xml version="1.0" encoding="UTF-8"?>
<!-- Generated by org.testng.reporters.JUnitReportReporter -->
<testsuite hostname="MONTY-PC" name="com.pagelibrary.com.ranford.AppTest" tests="1" failures="0" timestamp="19 Jul 2017 05:29:18 GMT" time="0.002" errors="0">
  <testcase name="testApp" time="0.002" classname="com.pagelibrary.com.ranford.AppTest"/>
</testsuite> <!-- com.pagelibrary.com.ranford.AppTest -->
